[debug] [2022-02-01T10:32:36.958Z] ----------------------------------------------------------------------
[debug] [2022-02-01T10:32:36.961Z] Command:       /home/alvaro/.nvm/versions/node/v16.13.2/bin/node /home/alvaro/.nvm/versions/node/v16.13.2/bin/firebase init
[debug] [2022-02-01T10:32:36.963Z] CLI Version:   10.1.3
[debug] [2022-02-01T10:32:36.963Z] Platform:      linux
[debug] [2022-02-01T10:32:36.964Z] Node Version:  v16.13.2
[debug] [2022-02-01T10:32:36.965Z] Time:          Tue Feb 01 2022 07:32:36 GMT-0300 (hora estándar de Argentina)
[debug] [2022-02-01T10:32:36.965Z] ----------------------------------------------------------------------
[debug] 
[debug] [2022-02-01T10:32:36.993Z] > command requires scopes: ["email","openid","https://www.googleapis.com/auth/cloudplatformprojects.readonly","https://www.googleapis.com/auth/firebase","https://www.googleapis.com/auth/cloud-platform"]
[debug] [2022-02-01T10:32:36.994Z] > authorizing via signed-in user (alvaro695547@gmail.com)
[info] 
     ######## #### ########  ######## ########     ###     ######  ########
     ##        ##  ##     ## ##       ##     ##  ##   ##  ##       ##
     ######    ##  ########  ######   ########  #########  ######  ######
     ##        ##  ##    ##  ##       ##     ## ##     ##       ## ##
     ##       #### ##     ## ######## ########  ##     ##  ######  ########

You're about to initialize a Firebase project in this directory:

  /home/alvaro/Escritorio/apx/dwf-m8/desafio-final-m8

[info] 
=== Project Setup
[info] 
[info] First, let's associate this project directory with a Firebase project.
[info] You can create multiple project aliases by running firebase use --add, 
[info] but for now we'll just set up a default project.
[info] 
[debug] [2022-02-01T10:35:43.261Z] >>> [apiv2][query] GET https://firebase.googleapis.com/v1beta1/projects pageSize=100
[debug] [2022-02-01T10:35:44.168Z] <<< [apiv2][status] GET https://firebase.googleapis.com/v1beta1/projects 200
[debug] [2022-02-01T10:35:44.168Z] <<< [apiv2][body] GET https://firebase.googleapis.com/v1beta1/projects [omitted]
[info] i  Using project dwf-m8-fe7d6 (dwf-m8) 
[info] 
=== Hosting Setup
[info] 
[info] Your public directory is the folder (relative to your project directory) that
[info] will contain Hosting assets to be uploaded with firebase deploy. If you
[info] have a build process for your assets, use your build's output directory.
[info] 
[debug] [2022-02-01T10:39:13.610Z] >>> [apiv2][query] GET https://www.gstatic.com/firebasejs/releases.json [none]
[debug] [2022-02-01T10:39:14.173Z] <<< [apiv2][status] GET https://www.gstatic.com/firebasejs/releases.json 200
[debug] [2022-02-01T10:39:14.174Z] <<< [apiv2][body] GET https://www.gstatic.com/firebasejs/releases.json {"current":{"version":"9.6.5","browserURL":"https://www.gstatic.com/firebasejs/9.6.5/firebase.js","packageURL":"https://www.gstatic.com/firebasejs/9.6.5/firebase.tgz"},"live":{"version":"9.6","browserURL":"https://www.gstatic.com/firebasejs/live/9.6/firebase.js","packageURL":"https://www.gstatic.com/firebasejs/live/9.6/firebase.tgz"},"components":{"analytics":"https://www.gstatic.com/firebasejs/9.6.5/firebase-analytics.js","app":"https://www.gstatic.com/firebasejs/9.6.5/firebase-app.js","app-check":"https://www.gstatic.com/firebasejs/9.6.5/firebase-app-check.js","auth":"https://www.gstatic.com/firebasejs/9.6.5/firebase-auth.js","auth/cordova":"https://www.gstatic.com/firebasejs/9.6.5/firebase-auth/cordova.js","auth/react-native":"https://www.gstatic.com/firebasejs/9.6.5/firebase-auth/react-native.js","functions":"https://www.gstatic.com/firebasejs/9.6.5/firebase-functions.js","firestore":"https://www.gstatic.com/firebasejs/9.6.5/firebase-firestore.js","firestore/lite":"https://www.gstatic.com/firebasejs/9.6.5/firebase-firestore/lite.js","storage":"https://www.gstatic.com/firebasejs/9.6.5/firebase-storage.js","performance":"https://www.gstatic.com/firebasejs/9.6.5/firebase-performance.js","remote-config":"https://www.gstatic.com/firebasejs/9.6.5/firebase-remote-config.js","messaging":"https://www.gstatic.com/firebasejs/9.6.5/firebase-messaging.js","messaging/sw":"https://www.gstatic.com/firebasejs/9.6.5/firebase-messaging/sw.js","database":"https://www.gstatic.com/firebasejs/9.6.5/firebase-database.js","firestore.memory":"https://www.gstatic.com/firebasejs/9.6.5/firebase-firestore.memory.js"}}
[info] i  Skipping write of ./index.html 
[info] 
[info] i  Didn't detect a .git folder. Assuming /home/alvaro/Escritorio/apx/dwf-m8/desafio-final-m8 is the project root. 
[info] i  Authorizing with GitHub to upload your service account to a GitHub repository's secrets store. 
[info] 
[info] Visit this URL on this device to log in:
[info] https://github.com/login/oauth/authorize?client_id=89cf50f02ac6aaed3484&state=836488343&redirect_uri=http%3A%2F%2Flocalhost%3A9005&scope=read%3Auser%20repo%20public_repo
[info] 
[info] Waiting for authentication...
[debug] [2022-02-01T10:39:24.685Z] >>> HTTP REQUEST POST https://github.com/login/oauth/access_token  
 {"client_id":"89cf50f02ac6aaed3484","client_secret":"3330d14abc895d9a74d5f17cd7a00711fa2c5bf0","code":"10d6f2fe3016d2c3adf0","redirect_uri":"http://localhost:9005","state":"836488343"}
[debug] [2022-02-01T10:39:25.664Z] <<< HTTP RESPONSE 200 {"server":"GitHub.com","date":"Tue, 01 Feb 2022 10:39:25 GMT","content-type":"application/json; charset=utf-8","transfer-encoding":"chunked","vary":"X-PJAX, X-PJAX-Container, Accept-Encoding, Accept, X-Requested-With","permissions-policy":"interest-cohort=()","etag":"W/\"ce9b8b46cf266cb57cf46553024ac42d\"","cache-control":"max-age=0, private, must-revalidate","strict-transport-security":"max-age=31536000; includeSubdomains; preload","x-frame-options":"deny","x-content-type-options":"nosniff","x-xss-protection":"0","referrer-policy":"origin-when-cross-origin, strict-origin-when-cross-origin","expect-ct":"max-age=2592000, report-uri=\"https://api.github.com/_private/browser/errors\"","content-security-policy":"default-src 'none'; base-uri 'self'; block-all-mixed-content; child-src github.com/assets-cdn/worker/ gist.github.com/assets-cdn/worker/; connect-src 'self' uploads.github.com objects-origin.githubusercontent.com www.githubstatus.com collector.githubapp.com collector.github.com api.github.com github-cloud.s3.amazonaws.com github-production-repository-file-5c1aeb.s3.amazonaws.com github-production-upload-manifest-file-7fdce7.s3.amazonaws.com github-production-user-asset-6210df.s3.amazonaws.com cdn.optimizely.com logx.optimizely.com/v1/events translator.github.com wss://alive.github.com; font-src github.githubassets.com; form-action 'self' github.com gist.github.com objects-origin.githubusercontent.com; frame-ancestors 'none'; frame-src render.githubusercontent.com viewscreen.githubusercontent.com notebooks.githubusercontent.com; img-src 'self' data: github.githubassets.com identicons.github.com collector.githubapp.com collector.github.com github-cloud.s3.amazonaws.com secured-user-images.githubusercontent.com/ *.githubusercontent.com; manifest-src 'self'; media-src github.com user-images.githubusercontent.com/; script-src github.githubassets.com; style-src 'unsafe-inline' github.githubassets.com; worker-src github.com/assets-cdn/worker/ gist.github.com/assets-cdn/worker/","x-github-request-id":"E9CC:6D9C:12A4F48:168554C:61F90DDC"}
[debug] [2022-02-01T10:39:25.673Z] >>> [apiv2][query] GET https://api.github.com/user [none]
[debug] [2022-02-01T10:39:26.101Z] <<< [apiv2][status] GET https://api.github.com/user 200
[debug] [2022-02-01T10:39:26.102Z] <<< [apiv2][body] GET https://api.github.com/user {"login":"Alvax10","id":64299010,"node_id":"MDQ6VXNlcjY0Mjk5MDEw","avatar_url":"https://avatars.githubusercontent.com/u/64299010?v=4","gravatar_id":"","url":"https://api.github.com/users/Alvax10","html_url":"https://github.com/Alvax10","followers_url":"https://api.github.com/users/Alvax10/followers","following_url":"https://api.github.com/users/Alvax10/following{/other_user}","gists_url":"https://api.github.com/users/Alvax10/gists{/gist_id}","starred_url":"https://api.github.com/users/Alvax10/starred{/owner}{/repo}","subscriptions_url":"https://api.github.com/users/Alvax10/subscriptions","organizations_url":"https://api.github.com/users/Alvax10/orgs","repos_url":"https://api.github.com/users/Alvax10/repos","events_url":"https://api.github.com/users/Alvax10/events{/privacy}","received_events_url":"https://api.github.com/users/Alvax10/received_events","type":"User","site_admin":false,"name":"Alvaroalvaro","company":null,"blog":"","location":"Argentina","email":null,"hireable":null,"bio":null,"twitter_username":null,"public_repos":20,"public_gists":0,"followers":3,"following":3,"created_at":"2020-04-25T05:11:57Z","updated_at":"2022-02-01T02:08:59Z","private_gists":8,"total_private_repos":5,"owned_private_repos":5,"disk_usage":4094,"collaborators":0,"two_factor_authentication":false,"plan":{"name":"free","space":976562499,"collaborators":0,"private_repos":10000}}
[info] 
[info] ✔  Success! Logged into GitHub as Alvax10 
[info] 
